[0715/163839.866:ERROR:process_reader_win.cc(127)] NtOpenThread: {Access Denied} A process has requested access to an object, but has not been granted those access rights. (0xc0000022)
[0715/163840.465:ERROR:exception_snapshot_win.cc(99)] thread ID 10692 not found in process
[0715/163841.828:ERROR:process_memory_win.cc(73)] ReadMemory at 0x7ff63f5f0000 of 64 bytes failed: Only part of a ReadProcessMemory or WriteProcessMemory request was completed. (0x12B)
[0715/163841.828:WARNING:pe_image_reader.cc(340)] could not read dos header from C:\Program Files (x86)\Microsoft\Edge\Application\msedge.exe
[0715/163841.876:ERROR:process_memory_win.cc(73)] ReadMemory at 0x7ff63f5f0000 of 64 bytes failed: Only part of a ReadProcessMemory or WriteProcessMemory request was completed. (0x12B)
[0715/163841.879:WARNING:pe_image_reader.cc(340)] could not read dos header from C:\Program Files (x86)\Microsoft\Edge\Application\msedge.exe
[0715/163841.879:ERROR:process_memory_win.cc(73)] ReadMemory at 0x7ff942300000 of 64 bytes failed: Only part of a ReadProcessMemory or WriteProcessMemory request was completed. (0x12B)
[0715/163841.879:WARNING:pe_image_reader.cc(340)] could not read dos header from C:\WINDOWS\SYSTEM32\ntdll.dll
[0715/163841.879:ERROR:process_memory_win.cc(73)] ReadMemory at 0x7ff942300000 of 64 bytes failed: Only part of a ReadProcessMemory or WriteProcessMemory request was completed. (0x12B)
[0715/163841.879:WARNING:pe_image_reader.cc(340)] could not read dos header from C:\WINDOWS\SYSTEM32\ntdll.dll
[0715/163841.879:ERROR:process_memory_win.cc(73)] ReadMemory at 0x7ff941f00000 of 64 bytes failed: Only part of a ReadProcessMemory or WriteProcessMemory request was completed. (0x12B)
[0715/163841.879:WARNING:pe_image_reader.cc(340)] could not read dos header from C:\WINDOWS\System32\KERNEL32.DLL
[0715/163841.879:ERROR:process_memory_win.cc(73)] ReadMemory at 0x7ff941f00000 of 64 bytes failed: Only part of a ReadProcessMemory or WriteProcessMemory request was completed. (0x12B)
[0715/163841.879:WARNING:pe_image_reader.cc(340)] could not read dos header from C:\WINDOWS\System32\KERNEL32.DLL
[0715/163841.879:ERROR:process_memory_win.cc(73)] ReadMemory at 0x7ff93e3c0000 of 64 bytes failed: Only part of a ReadProcessMemory or WriteProcessMemory request was completed. (0x12B)
[0715/163841.879:WARNING:pe_image_reader.cc(340)] could not read dos header from C:\WINDOWS\System32\KERNELBASE.dll
[0715/163841.879:ERROR:process_memory_win.cc(73)] ReadMemory at 0x7ff93e3c0000 of 64 bytes failed: Only part of a ReadProcessMemory or WriteProcessMemory request was completed. (0x12B)
[0715/163841.880:WARNING:pe_image_reader.cc(340)] could not read dos header from C:\WINDOWS\System32\KERNELBASE.dll
[0715/163841.880:ERROR:process_memory_win.cc(73)] ReadMemory at 0x7ff916d40000 of 64 bytes failed: Only part of a ReadProcessMemory or WriteProcessMemory request was completed. (0x12B)
[0715/163841.880:WARNING:pe_image_reader.cc(340)] could not read dos header from C:\Program Files (x86)\Microsoft\Edge\Application\83.0.478.61\msedge_elf.dll
[0715/163841.880:ERROR:process_memory_win.cc(73)] ReadMemory at 0x7ff916d40000 of 64 bytes failed: Only part of a ReadProcessMemory or WriteProcessMemory request was completed. (0x12B)
[0715/163841.880:WARNING:pe_image_reader.cc(340)] could not read dos header from C:\Program Files (x86)\Microsoft\Edge\Application\83.0.478.61\msedge_elf.dll
[0715/163841.880:ERROR:process_memory_win.cc(73)] ReadMemory at 0x7ff93f250000 of 64 bytes failed: Only part of a ReadProcessMemory or WriteProcessMemory request was completed. (0x12B)
[0715/163841.880:WARNING:pe_image_reader.cc(340)] could not read dos header from C:\WINDOWS\System32\bcryptPrimitives.dll
[0715/163841.880:ERROR:process_memory_win.cc(73)] ReadMemory at 0x7ff93f250000 of 64 bytes failed: Only part of a ReadProcessMemory or WriteProcessMemory request was completed. (0x12B)
[0715/163841.880:WARNING:pe_image_reader.cc(340)] could not read dos header from C:\WINDOWS\System32\bcryptPrimitives.dll
[0715/163841.880:ERROR:process_memory_win.cc(73)] ReadMemory at 0x7ff940810000 of 64 bytes failed: Only part of a ReadProcessMemory or WriteProcessMemory request was completed. (0x12B)
[0715/163841.880:WARNING:pe_image_reader.cc(340)] could not read dos header from C:\WINDOWS\System32\ADVAPI32.dll
[0715/163841.880:ERROR:process_memory_win.cc(73)] ReadMemory at 0x7ff940810000 of 64 bytes failed: Only part of a ReadProcessMemory or WriteProcessMemory request was completed. (0x12B)
[0715/163841.881:WARNING:pe_image_reader.cc(340)] could not read dos header from C:\WINDOWS\System32\ADVAPI32.dll
[0715/163841.881:ERROR:process_memory_win.cc(73)] ReadMemory at 0x7ff940390000 of 64 bytes failed: Only part of a ReadProcessMemory or WriteProcessMemory request was completed. (0x12B)
[0715/163841.881:WARNING:pe_image_reader.cc(340)] could not read dos header from C:\WINDOWS\System32\msvcrt.dll
[0715/163841.881:ERROR:process_memory_win.cc(73)] ReadMemory at 0x7ff940390000 of 64 bytes failed: Only part of a ReadProcessMemory or WriteProcessMemory request was completed. (0x12B)
[0715/163841.881:WARNING:pe_image_reader.cc(340)] could not read dos header from C:\WINDOWS\System32\msvcrt.dll
[0715/163841.881:ERROR:process_memory_win.cc(73)] ReadMemory at 0x7ff93f970000 of 64 bytes failed: Only part of a ReadProcessMemory or WriteProcessMemory request was completed. (0x12B)
[0715/163841.881:WARNING:pe_image_reader.cc(340)] could not read dos header from C:\WINDOWS\System32\sechost.dll
[0715/163841.881:ERROR:process_memory_win.cc(73)] ReadMemory at 0x7ff93f970000 of 64 bytes failed: Only part of a ReadProcessMemory or WriteProcessMemory request was completed. (0x12B)
[0715/163841.881:WARNING:pe_image_reader.cc(340)] could not read dos header from C:\WINDOWS\System32\sechost.dll
[0715/163841.881:ERROR:process_memory_win.cc(73)] ReadMemory at 0x7ff93f840000 of 64 bytes failed: Only part of a ReadProcessMemory or WriteProcessMemory request was completed. (0x12B)
[0715/163841.881:WARNING:pe_image_reader.cc(340)] could not read dos header from C:\WINDOWS\System32\RPCRT4.dll
[0715/163841.881:ERROR:process_memory_win.cc(73)] ReadMemory at 0x7ff93f840000 of 64 bytes failed: Only part of a ReadProcessMemory or WriteProcessMemory request was completed. (0x12B)
[0715/163841.881:WARNING:pe_image_reader.cc(340)] could not read dos header from C:\WINDOWS\System32\RPCRT4.dll
[0715/163841.881:ERROR:process_memory_win.cc(73)] ReadMemory at 0x7ff8f4ba0000 of 64 bytes failed: Only part of a ReadProcessMemory or WriteProcessMemory request was completed. (0x12B)
[0715/163841.881:WARNING:pe_image_reader.cc(340)] could not read dos header from C:\Program Files (x86)\Microsoft\Edge\Application\83.0.478.61\msedge.dll
[0715/163841.882:ERROR:process_memory_win.cc(73)] ReadMemory at 0x7ff8f4ba0000 of 64 bytes failed: Only part of a ReadProcessMemory or WriteProcessMemory request was completed. (0x12B)
[0715/163841.882:WARNING:pe_image_reader.cc(340)] could not read dos header from C:\Program Files (x86)\Microsoft\Edge\Application\83.0.478.61\msedge.dll
[0715/163841.882:ERROR:process_memory_win.cc(73)] ReadMemory at 0x7ff942260000 of 64 bytes failed: Only part of a ReadProcessMemory or WriteProcessMemory request was completed. (0x12B)
[0715/163841.882:WARNING:pe_image_reader.cc(340)] could not read dos header from C:\WINDOWS\System32\WS2_32.dll
[0715/163841.882:ERROR:process_memory_win.cc(73)] ReadMemory at 0x7ff942260000 of 64 bytes failed: Only part of a ReadProcessMemory or WriteProcessMemory request was completed. (0x12B)
[0715/163841.882:WARNING:pe_image_reader.cc(340)] could not read dos header from C:\WINDOWS\System32\WS2_32.dll
[0715/163841.882:ERROR:process_memory_win.cc(73)] ReadMemory at 0x7ff93f770000 of 64 bytes failed: Only part of a ReadProcessMemory or WriteProcessMemory request was completed. (0x12B)
[0715/163841.882:WARNING:pe_image_reader.cc(340)] could not read dos header from C:\WINDOWS\System32\OLEAUT32.dll
[0715/163841.882:ERROR:process_memory_win.cc(73)] ReadMemory at 0x7ff93f770000 of 64 bytes failed: Only part of a ReadProcessMemory or WriteProcessMemory request was completed. (0x12B)
[0715/163841.882:WARNING:pe_image_reader.cc(340)] could not read dos header from C:\WINDOWS\System32\OLEAUT32.dll
[0715/163841.882:ERROR:process_memory_win.cc(73)] ReadMemory at 0x7ff93e6e0000 of 64 bytes failed: Only part of a ReadProcessMemory or WriteProcessMemory request was completed. (0x12B)
[0715/163841.882:WARNING:pe_image_reader.cc(340)] could not read dos header from C:\WINDOWS\System32\msvcp_win.dll
[0715/163841.882:ERROR:process_memory_win.cc(73)] ReadMemory at 0x7ff93e6e0000 of 64 bytes failed: Only part of a ReadProcessMemory or WriteProcessMemory request was completed. (0x12B)
[0715/163841.883:WARNING:pe_image_reader.cc(340)] could not read dos header from C:\WINDOWS\System32\msvcp_win.dll
[0715/163841.883:ERROR:process_memory_win.cc(73)] ReadMemory at 0x7ff93e7d0000 of 64 bytes failed: Only part of a ReadProcessMemory or WriteProcessMemory request was completed. (0x12B)
[0715/163841.883:WARNING:pe_image_reader.cc(340)] could not read dos header from C:\WINDOWS\System32\ucrtbase.dll
[0715/163841.883:ERROR:process_memory_win.cc(73)] ReadMemory at 0x7ff93e7d0000 of 64 bytes failed: Only part of a ReadProcessMemory or WriteProcessMemory request was completed. (0x12B)
[0715/163841.883:WARNING:pe_image_reader.cc(340)] could not read dos header from C:\WINDOWS\System32\ucrtbase.dll
[0715/163841.883:ERROR:process_memory_win.cc(73)] ReadMemory at 0x7ff93fec0000 of 64 bytes failed: Only part of a ReadProcessMemory or WriteProcessMemory request was completed. (0x12B)
[0715/163841.883:WARNING:pe_image_reader.cc(340)] could not read dos header from C:\WINDOWS\System32\combase.dll
[0715/163841.883:ERROR:process_memory_win.cc(73)] ReadMemory at 0x7ff93fec0000 of 64 bytes failed: Only part of a ReadProcessMemory or WriteProcessMemory request was completed. (0x12B)
[0715/163841.883:WARNING:pe_image_reader.cc(340)] could not read dos header from C:\WINDOWS\System32\combase.dll
[0715/163841.883:ERROR:process_memory_win.cc(73)] ReadMemory at 0x7ff93e660000 of 64 bytes failed: Only part of a ReadProcessMemory or WriteProcessMemory request was completed. (0x12B)
[0715/163841.883:WARNING:pe_image_reader.cc(340)] could not read dos header from C:\WINDOWS\System32\WINTRUST.dll
[0715/163841.883:ERROR:process_memory_win.cc(73)] ReadMemory at 0x7ff93e660000 of 64 bytes failed: Only part of a ReadProcessMemory or WriteProcessMemory request was completed. (0x12B)
[0715/163841.883:WARNING:pe_image_reader.cc(340)] could not read dos header from C:\WINDOWS\System32\WINTRUST.dll
[0715/163841.883:ERROR:process_memory_win.cc(73)] ReadMemory at 0x7ff93e2f0000 of 64 bytes failed: Only part of a ReadProcessMemory or WriteProcessMemory request was completed. (0x12B)
[0715/163841.884:WARNING:pe_image_reader.cc(340)] could not read dos header from C:\WINDOWS\System32\MSASN1.dll
[0715/163841.884:ERROR:process_memory_win.cc(73)] ReadMemory at 0x7ff93e2f0000 of 64 bytes failed: Only part of a ReadProcessMemory or WriteProcessMemory request was completed. (0x12B)
[0715/163841.884:WARNING:pe_image_reader.cc(340)] could not read dos header from C:\WINDOWS\System32\MSASN1.dll
[0715/163841.884:ERROR:process_memory_win.cc(73)] ReadMemory at 0x7ff93e8d0000 of 64 bytes failed: Only part of a ReadProcessMemory or WriteProcessMemory request was completed. (0x12B)
[0715/163841.884:WARNING:pe_image_reader.cc(340)] could not read dos header from C:\WINDOWS\System32\CRYPT32.dll
[0715/163841.884:ERROR:process_memory_win.cc(73)] ReadMemory at 0x7ff93e8d0000 of 64 bytes failed: Only part of a ReadProcessMemory or WriteProcessMemory request was completed. (0x12B)
[0715/163841.884:WARNING:pe_image_reader.cc(340)] could not read dos header from C:\WINDOWS\System32\CRYPT32.dll
[0715/163841.884:ERROR:process_memory_win.cc(73)] ReadMemory at 0x7ff93d810000 of 64 bytes failed: Only part of a ReadProcessMemory or WriteProcessMemory request was completed. (0x12B)
[0715/163841.884:WARNING:pe_image_reader.cc(340)] could not read dos header from C:\WINDOWS\SYSTEM32\IPHLPAPI.DLL
[0715/163841.884:ERROR:process_memory_win.cc(73)] ReadMemory at 0x7ff93d810000 of 64 bytes failed: Only part of a ReadProcessMemory or WriteProcessMemory request was completed. (0x12B)
[0715/163841.884:WARNING:pe_image_reader.cc(340)] could not read dos header from C:\WINDOWS\SYSTEM32\IPHLPAPI.DLL
[0715/163841.884:ERROR:process_memory_win.cc(73)] ReadMemory at 0x7ff93c3e0000 of 64 bytes failed: Only part of a ReadProcessMemory or WriteProcessMemory request was completed. (0x12B)
[0715/163841.884:WARNING:pe_image_reader.cc(340)] could not read dos header from C:\WINDOWS\SYSTEM32\WINMM.dll
[0715/163841.884:ERROR:process_memory_win.cc(73)] ReadMemory at 0x7ff93c3e0000 of 64 bytes failed: Only part of a ReadProcessMemory or WriteProcessMemory request was completed. (0x12B)
[0715/163841.884:WARNING:pe_image_reader.cc(340)] could not read dos header from C:\WINDOWS\SYSTEM32\WINMM.dll
[0715/163841.885:ERROR:process_memory_win.cc(73)] ReadMemory at 0x7ff92e0c0000 of 64 bytes failed: Only part of a ReadProcessMemory or WriteProcessMemory request was completed. (0x12B)
[0715/163841.885:WARNING:pe_image_reader.cc(340)] could not read dos header from C:\WINDOWS\SYSTEM32\Secur32.dll
[0715/163841.885:ERROR:process_memory_win.cc(73)] ReadMemory at 0x7ff92e0c0000 of 64 bytes failed: Only part of a ReadProcessMemory or WriteProcessMemory request was completed. (0x12B)
[0715/163841.885:WARNING:pe_image_reader.cc(340)] could not read dos header from C:\WINDOWS\SYSTEM32\Secur32.dll
[0715/163841.885:ERROR:process_memory_win.cc(73)] ReadMemory at 0x7ff93e1e0000 of 64 bytes failed: Only part of a ReadProcessMemory or WriteProcessMemory request was completed. (0x12B)
[0715/163841.885:WARNING:pe_image_reader.cc(340)] could not read dos header from C:\WINDOWS\SYSTEM32\USERENV.dll
[0715/163841.885:ERROR:process_memory_win.cc(73)] ReadMemory at 0x7ff93e1e0000 of 64 bytes failed: Only part of a ReadProcessMemory or WriteProcessMemory request was completed. (0x12B)
[0715/163841.885:WARNING:pe_image_reader.cc(340)] could not read dos header from C:\WINDOWS\SYSTEM32\USERENV.dll
[0715/163841.885:ERROR:process_memory_win.cc(73)] ReadMemory at 0x7ff93e330000 of 64 bytes failed: Only part of a ReadProcessMemory or WriteProcessMemory request was completed. (0x12B)
[0715/163841.885:WARNING:pe_image_reader.cc(340)] could not read dos header from C:\WINDOWS\System32\profapi.dll
[0715/163841.885:ERROR:process_memory_win.cc(73)] ReadMemory at 0x7ff93e330000 of 64 bytes failed: Only part of a ReadProcessMemory or WriteProcessMemory request was completed. (0x12B)
[0715/163841.885:WARNING:pe_image_reader.cc(340)] could not read dos header from C:\WINDOWS\System32\profapi.dll
[0715/163841.885:ERROR:process_memory_win.cc(73)] ReadMemory at 0x7ff920da0000 of 64 bytes failed: Only part of a ReadProcessMemory or WriteProcessMemory request was completed. (0x12B)
[0715/163841.885:WARNING:pe_image_reader.cc(340)] could not read dos header from C:\WINDOWS\SYSTEM32\UIAutomationCore.DLL
[0715/163841.886:ERROR:process_memory_win.cc(73)] ReadMemory at 0x7ff920da0000 of 64 bytes failed: Only part of a ReadProcessMemory or WriteProcessMemory request was completed. (0x12B)
[0715/163841.886:WARNING:pe_image_reader.cc(340)] could not read dos header from C:\WINDOWS\SYSTEM32\UIAutomationCore.DLL
[0715/163841.886:ERROR:process_memory_win.cc(73)] ReadMemory at 0x7ff9316c0000 of 64 bytes failed: Only part of a ReadProcessMemory or WriteProcessMemory request was completed. (0x12B)
[0715/163841.886:WARNING:pe_image_reader.cc(340)] could not read dos header from C:\WINDOWS\SYSTEM32\WINHTTP.dll
[0715/163841.886:ERROR:process_memory_win.cc(73)] ReadMemory at 0x7ff9316c0000 of 64 bytes failed: Only part of a ReadProcessMemory or WriteProcessMemory request was completed. (0x12B)
[0715/163841.886:WARNING:pe_image_reader.cc(340)] could not read dos header from C:\WINDOWS\SYSTEM32\WINHTTP.dll
[0715/163841.886:ERROR:process_memory_win.cc(73)] ReadMemory at 0x7ff923060000 of 64 bytes failed: Only part of a ReadProcessMemory or WriteProcessMemory request was completed. (0x12B)
[0715/163841.886:WARNING:pe_image_reader.cc(340)] could not read dos header from C:\WINDOWS\SYSTEM32\DWrite.dll
[0715/163841.886:ERROR:process_memory_win.cc(73)] ReadMemory at 0x7ff923060000 of 64 bytes failed: Only part of a ReadProcessMemory or WriteProcessMemory request was completed. (0x12B)
[0715/163841.886:WARNING:pe_image_reader.cc(340)] could not read dos header from C:\WINDOWS\SYSTEM32\DWrite.dll
[0715/163841.886:ERROR:process_memory_win.cc(73)] ReadMemory at 0x7ff930cf0000 of 64 bytes failed: Only part of a ReadProcessMemory or WriteProcessMemory request was completed. (0x12B)
[0715/163841.887:WARNING:pe_image_reader.cc(340)] could not read dos header from C:\WINDOWS\SYSTEM32\WINSPOOL.DRV
[0715/163841.887:ERROR:process_memory_win.cc(73)] ReadMemory at 0x7ff930cf0000 of 64 bytes failed: Only part of a ReadProcessMemory or WriteProcessMemory request was completed. (0x12B)
[0715/163841.887:WARNING:pe_image_reader.cc(340)] could not read dos header from C:\WINDOWS\SYSTEM32\WINSPOOL.DRV
[0715/163841.887:ERROR:process_memory_win.cc(73)] ReadMemory at 0x7ff93e310000 of 64 bytes failed: Only part of a ReadProcessMemory or WriteProcessMemory request was completed. (0x12B)
[0715/163841.887:WARNING:pe_image_reader.cc(340)] could not read dos header from C:\WINDOWS\System32\kernel.appcore.dll
[0715/163841.887:ERROR:process_memory_win.cc(73)] ReadMemory at 0x7ff93e310000 of 64 bytes failed: Only part of a ReadProcessMemory or WriteProcessMemory request was completed. (0x12B)
[0715/163841.887:WARNING:pe_image_reader.cc(340)] could not read dos header from C:\WINDOWS\System32\kernel.appcore.dll
[0715/163841.887:ERROR:process_memory_win.cc(73)] ReadMemory at 0x7ff93f200000 of 64 bytes failed: Only part of a ReadProcessMemory or WriteProcessMemory request was completed. (0x12B)
[0715/163841.887:WARNING:pe_image_reader.cc(340)] could not read dos header from C:\WINDOWS\System32\bcrypt.dll
[0715/163841.887:ERROR:process_memory_win.cc(73)] ReadMemory at 0x7ff93f200000 of 64 bytes failed: Only part of a ReadProcessMemory or WriteProcessMemory request was completed. (0x12B)
[0715/163841.887:WARNING:pe_image_reader.cc(340)] could not read dos header from C:\WINDOWS\System32\bcrypt.dll
[0715/163841.887:ERROR:process_memory_win.cc(73)] ReadMemory at 0x7ff92e120000 of 64 bytes failed: Only part of a ReadProcessMemory or WriteProcessMemory request was completed. (0x12B)
[0715/163841.887:WARNING:pe_image_reader.cc(340)] could not read dos header from C:\WINDOWS\SYSTEM32\dbghelp.dll
[0715/163841.887:ERROR:process_memory_win.cc(73)] ReadMemory at 0x7ff92e120000 of 64 bytes failed: Only part of a ReadProcessMemory or WriteProcessMemory request was completed. (0x12B)
[0715/163841.887:WARNING:pe_image_reader.cc(340)] could not read dos header from C:\WINDOWS\SYSTEM32\dbghelp.dll
[0715/163841.888:ERROR:process_memory_win.cc(73)] ReadMemory at 0x7ff935c40000 of 64 bytes failed: Only part of a ReadProcessMemory or WriteProcessMemory request was completed. (0x12B)
[0715/163841.888:WARNING:pe_image_reader.cc(340)] could not read dos header from C:\WINDOWS\SYSTEM32\dhcpcsvc.DLL
[0715/163841.888:ERROR:process_memory_win.cc(73)] ReadMemory at 0x7ff935c40000 of 64 bytes failed: Only part of a ReadProcessMemory or WriteProcessMemory request was completed. (0x12B)
[0715/163841.888:WARNING:pe_image_reader.cc(340)] could not read dos header from C:\WINDOWS\SYSTEM32\dhcpcsvc.DLL
[0715/163841.888:ERROR:process_memory_win.cc(73)] ReadMemory at 0x7ff9405d0000 of 64 bytes failed: Only part of a ReadProcessMemory or WriteProcessMemory request was completed. (0x12B)
[0715/163841.888:WARNING:pe_image_reader.cc(340)] could not read dos header from C:\WINDOWS\System32\NSI.dll
[0715/163841.888:ERROR:process_memory_win.cc(73)] ReadMemory at 0x7ff9405d0000 of 64 bytes failed: Only part of a ReadProcessMemory or WriteProcessMemory request was completed. (0x12B)
[0715/163841.888:WARNING:pe_image_reader.cc(340)] could not read dos header from C:\WINDOWS\System32\NSI.dll
[0715/163841.888:ERROR:process_memory_win.cc(73)] ReadMemory at 0x7ff93c3b0000 of 64 bytes failed: Only part of a ReadProcessMemory or WriteProcessMemory request was completed. (0x12B)
[0715/163841.888:WARNING:pe_image_reader.cc(340)] could not read dos header from C:\WINDOWS\SYSTEM32\WINMMBASE.dll
[0715/163841.888:ERROR:process_memory_win.cc(73)] ReadMemory at 0x7ff93c3b0000 of 64 bytes failed: Only part of a ReadProcessMemory or WriteProcessMemory request was completed. (0x12B)
[0715/163841.888:WARNING:pe_image_reader.cc(340)] could not read dos header from C:\WINDOWS\SYSTEM32\WINMMBASE.dll
[0715/163841.888:ERROR:process_memory_win.cc(73)] ReadMemory at 0x7ff93e780000 of 64 bytes failed: Only part of a ReadProcessMemory or WriteProcessMemory request was completed. (0x12B)
[0715/163841.888:WARNING:pe_image_reader.cc(340)] could not read dos header from C:\WINDOWS\System32\cfgmgr32.dll
[0715/163841.889:ERROR:process_memory_win.cc(73)] ReadMemory at 0x7ff93e780000 of 64 bytes failed: Only part of a ReadProcessMemory or WriteProcessMemory request was completed. (0x12B)
[0715/163841.889:WARNING:pe_image_reader.cc(340)] could not read dos header from C:\WINDOWS\System32\cfgmgr32.dll
[0715/163841.889:ERROR:process_memory_win.cc(73)] ReadMemory at 0x7ff9351b0000 of 64 bytes failed: Only part of a ReadProcessMemory or WriteProcessMemory request was completed. (0x12B)
[0715/163841.889:WARNING:pe_image_reader.cc(340)] could not read dos header from C:\WINDOWS\SYSTEM32\Bcp47Langs.dll
[0715/163841.889:ERROR:process_memory_win.cc(73)] ReadMemory at 0x7ff9351b0000 of 64 bytes failed: Only part of a ReadProcessMemory or WriteProcessMemory request was completed. (0x12B)
[0715/163841.889:WARNING:pe_image_reader.cc(340)] could not read dos header from C:\WINDOWS\SYSTEM32\Bcp47Langs.dll
[0715/163841.889:ERROR:process_memory_win.cc(73)] ReadMemory at 0x7ff93ba10000 of 64 bytes failed: Only part of a ReadProcessMemory or WriteProcessMemory request was completed. (0x12B)
[0715/163841.889:WARNING:pe_image_reader.cc(340)] could not read dos header from C:\WINDOWS\SYSTEM32\PROPSYS.dll
[0715/163841.889:ERROR:process_memory_win.cc(73)] ReadMemory at 0x7ff93ba10000 of 64 bytes failed: Only part of a ReadProcessMemory or WriteProcessMemory request was completed. (0x12B)
[0715/163841.889:WARNING:pe_image_reader.cc(340)] could not read dos header from C:\WINDOWS\SYSTEM32\PROPSYS.dll
[0715/163841.889:ERROR:process_memory_win.cc(73)] ReadMemory at 0x7ff942180000 of 64 bytes failed: Only part of a ReadProcessMemory or WriteProcessMemory request was completed. (0x12B)
[0715/163841.889:WARNING:pe_image_reader.cc(340)] could not read dos header from C:\WINDOWS\System32\shcore.dll
[0715/163841.889:ERROR:process_memory_win.cc(73)] ReadMemory at 0x7ff942180000 of 64 bytes failed: Only part of a ReadProcessMemory or WriteProcessMemory request was completed. (0x12B)
[0715/163841.889:WARNING:pe_image_reader.cc(340)] could not read dos header from C:\WINDOWS\System32\shcore.dll
[0715/163841.889:ERROR:process_memory_win.cc(73)] ReadMemory at 0x7ff93e210000 of 64 bytes failed: Only part of a ReadProcessMemory or WriteProcessMemory request was completed. (0x12B)
[0715/163841.890:WARNING:pe_image_reader.cc(340)] could not read dos header from C:\WINDOWS\SYSTEM32\SSPICLI.DLL
[0715/163841.890:ERROR:process_memory_win.cc(73)] ReadMemory at 0x7ff93e210000 of 64 bytes failed: Only part of a ReadProcessMemory or WriteProcessMemory request was completed. (0x12B)
[0715/163841.890:WARNING:pe_image_reader.cc(340)] could not read dos header from C:\WINDOWS\SYSTEM32\SSPICLI.DLL
[0715/163841.890:ERROR:process_memory_win.cc(73)] ReadMemory at 0x7ff93dcc0000 of 64 bytes failed: Only part of a ReadProcessMemory or WriteProcessMemory request was completed. (0x12B)
[0715/163841.890:WARNING:pe_image_reader.cc(340)] could not read dos header from C:\WINDOWS\SYSTEM32\CRYPTBASE.DLL
[0715/163841.890:ERROR:process_memory_win.cc(73)] ReadMemory at 0x7ff93dcc0000 of 64 bytes failed: Only part of a ReadProcessMemory or WriteProcessMemory request was completed. (0x12B)
[0715/163841.890:WARNING:pe_image_reader.cc(340)] could not read dos header from C:\WINDOWS\SYSTEM32\CRYPTBASE.DLL
[0715/163841.937:ERROR:process_memory_win.cc(73)] ReadMemory at 0x7ff942465fe8 of 8 bytes failed: Only part of a ReadProcessMemory or WriteProcessMemory request was completed. (0x12B)
[0715/163841.945:ERROR:process_snapshot_win.cc(333)] failed to read target address
